#
# A fatal error has been detected by the Java Runtime Environment:
#
#  SIGBUS (0xa) at pc=0x0000000109358a0a, pid=65038, tid=0x000000000000711f
#
# JRE version: Java(TM) SE Runtime Environment (8.0_311-b11) (build 1.8.0_311-b11)
# Java VM: Java HotSpot(TM) 64-Bit Server VM (25.311-b11 mixed mode bsd-amd64 compressed oops)
# Problematic frame:
# C  [libzip.dylib+0x3a0a]  newEntry+0x5d
#
# Failed to write core dump. Core dumps have been disabled. To enable core dumping, try "ulimit -c unlimited" before starting Java again
#
# If you would like to submit a bug report, please visit:
#   http://bugreport.java.com/bugreport/crash.jsp
# The crash happened outside the Java Virtual Machine in native code.
# See problematic frame for where to report the bug.
#

---------------  T H R E A D  ---------------

Current thread (0x00007feb898ea800):  JavaThread "restartedMain" [_thread_in_native, id=28959, stack(0x0000000307486000,0x0000000307586000)]

siginfo: si_signo: 10 (SIGBUS), si_code: 2 (BUS_ADRERR), si_addr: 0x000000012669f76e

Registers:
RAX=0x0000000000000000, RBX=0x0000000000000000, RCX=0x000060000347b020, RDX=0x00000000d7a1e097
RSP=0x0000000307583090, RBP=0x0000000307583110, RSI=0x0000000000000097, RDI=0x0000000109117000
R8 =0x00003ac7bf08b020, R9 =0x000000000000000a, R10=0x000000010be73818, R11=0x000000076bd0e618
R12=0x000060000347b020, R13=0x000000012669f752, R14=0x00007feb8a91c840, R15=0x0000600002288f00
RIP=0x0000000109358a0a, EFLAGS=0x0000000000000202, ERR=0x0000000000000004
  TRAPNO=0x000000000000000e

Top of Stack: (sp=0x0000000307583090)
0x0000000307583090:   0000000123cdf480 000000076bd0acb8
0x00000003075830a0:   00000003075835a0 000000010beaa90c
0x00000003075830b0:   00000000075830c0 000000010a46d459
0x00000003075830c0:   00000003075830f0 000000010a35f776
0x00000003075830d0:   000000010a633418 000060000398b400
0x00000003075830e0:   0000600002288f00 0000000062fb49ba
0x00000003075830f0:   00007feb8a91c800 00006000034551d0
0x0000000307583100:   0000000000000040 0000000307583180
0x0000000307583110:   0000000307583160 00000001093588cc
0x0000000307583120:   000000000000000a 0000000107583180
0x0000000307583130:   0000600002288f00 0000000307583180
0x0000000307583140:   00007feb898eaa00 000000000000000a
0x0000000307583150:   00000003075835d8 0000600002288f00
0x0000000307583160:   00000003075835c0 000000010935728d
0x0000000307583170:   0000000307583220 0000000100000000
0x0000000307583180:   6c7978632f6d6f63 000000010a002f6b
0x0000000307583190:   0000600001781000 0000000123cdf480
0x00000003075831a0:   00007feb800369b0 000000006bd0a698
0x00000003075831b0:   0000000000000000 0000000000000000
0x00000003075831c0:   000000076bd0a698 0000000123cdf480
0x00000003075831d0:   00007feb898ea800 000060000193d950
0x00000003075831e0:   00007feb8a2286c0 00007feb8a2286d0
0x00000003075831f0:   00007feb8a228aa8 00000000000003d8
0x0000000307583200:   00007feb898eaa00 00006000028948b8
0x0000000307583210:   0000000123cdf480 00007feb898ea800
0x0000000307583220:   0000000123cdf480 00007feb898ea800
0x0000000307583230:   0000000307583300 0000000123cdf480
0x0000000307583240:   000000076bd0acb8 00000006c0001a30
0x0000000307583250:   00007feb898ea800 00000003075832c8
0x0000000307583260:   00000003075833f0 00000000ffffffff
0x0000000307583270:   0000000000000000 0000000000000000
0x0000000307583280:   0000000307010150 00000006c000db98 

Instructions: (pc=0x0000000109358a0a)
0x00000001093589ea:   24 28 41 80 7f 30 00 89 5d a4 0f 84 ec 00 00 00
0x00000001093589fa:   4d 8b 6f 18 4d 03 6e 08 4d 2b 6f 28 4c 89 7d d0
0x0000000109358a0a:   41 0f b6 45 1c 45 0f b6 75 1d 49 c1 e6 08 49 09
0x0000000109358a1a:   c6 41 0f b6 45 1e 48 89 45 b0 41 0f b6 45 1f 48 

Register to memory mapping:

RAX=0x0000000000000000 is an unknown value
RBX=0x0000000000000000 is an unknown value
RCX=0x000060000347b020 is an unknown value
RDX=0x00000000d7a1e097 is an unknown value
RSP=0x0000000307583090 is pointing into the stack for thread: 0x00007feb898ea800
RBP=0x0000000307583110 is pointing into the stack for thread: 0x00007feb898ea800
RSI=0x0000000000000097 is an unknown value
RDI=0x0000000109117000 is an unknown value
R8 =0x00003ac7bf08b020 is an unknown value
R9 =0x000000000000000a is an unknown value
R10=0x000000010be73818 is at entry_point+88 in (nmethod*)0x000000010be73650
R11=0x000000076bd0e618 is an oop
[B 
 - klass: {type array byte}
 - length: 30
R12=0x000060000347b020 is an unknown value
R13=0x000000012669f752 is an unknown value
R14=0x00007feb8a91c840 is an unknown value
R15=0x0000600002288f00 is an unknown value


Stack: [0x0000000307486000,0x0000000307586000],  sp=0x0000000307583090,  free space=1012k
Native frames: (J=compiled Java code, j=interpreted, Vv=VM code, C=native code)
C  [libzip.dylib+0x3a0a]  newEntry+0x5d
C  [libzip.dylib+0x38cc]  ZIP_GetEntry2+0x101
C  [libzip.dylib+0x228d]  Java_java_util_zip_ZipFile_getEntry+0x97
J 384  java.util.zip.ZipFile.getEntry(J[BZ)J (0 bytes) @ 0x000000010be7388e [0x000000010be737c0+0xce]
J 361 C1 java.util.zip.ZipFile.getEntry(Ljava/lang/String;)Ljava/util/zip/ZipEntry; (101 bytes) @ 0x000000010be6b774 [0x000000010be6b620+0x154]
J 360 C1 java.util.jar.JarFile.getEntry(Ljava/lang/String;)Ljava/util/zip/ZipEntry; (22 bytes) @ 0x000000010be6b18c [0x000000010be6b140+0x4c]
J 370 C1 sun.misc.URLClassPath$JarLoader.getResource(Ljava/lang/String;Z)Lsun/misc/Resource; (85 bytes) @ 0x000000010be724e4 [0x000000010be72420+0xc4]
J 379 C1 sun.misc.URLClassPath$JarLoader.findResource(Ljava/lang/String;Z)Ljava/net/URL; (18 bytes) @ 0x000000010be76bd4 [0x000000010be76b80+0x54]
J 2577 C1 sun.misc.URLClassPath$1.next()Z (63 bytes) @ 0x000000010c229ebc [0x000000010c229e40+0x7c]
J 3719 C1 sun.misc.URLClassPath$1.hasMoreElements()Z (5 bytes) @ 0x000000010c48b43c [0x000000010c48b400+0x3c]
J 3141 C1 java.net.URLClassLoader$3$1.run()Ljava/lang/Object; (5 bytes) @ 0x000000010c361214 [0x000000010c3611c0+0x54]
v  ~StubRoutines::call_stub
V  [libjvm.dylib+0x2d63ff]
V  [libjvm.dylib+0x3393e9]
J 1969  java.security.AccessController.doPrivileged(Ljava/security/PrivilegedAction;Ljava/security/AccessControlContext;)Ljava/lang/Object; (0 bytes) @ 0x000000010c10ff55 [0x000000010c10fe80+0xd5]
J 2598 C1 java.net.URLClassLoader$3.next()Z (73 bytes) @ 0x000000010c23216c [0x000000010c232020+0x14c]
J 3149 C1 java.net.URLClassLoader$3.hasMoreElements()Z (5 bytes) @ 0x000000010c365ebc [0x000000010c365e80+0x3c]
J 3148 C1 sun.misc.CompoundEnumeration.next()Z (58 bytes) @ 0x000000010c365004 [0x000000010c364f80+0x84]
J 3140 C1 sun.misc.CompoundEnumeration.hasMoreElements()Z (5 bytes) @ 0x000000010c360efc [0x000000010c360ec0+0x3c]
j  org.springframework.core.io.support.PathMatchingResourcePatternResolver.doFindAllClassPathResources(Ljava/lang/String;)Ljava/util/Set;+35
j  org.springframework.core.io.support.PathMatchingResourcePatternResolver.findAllClassPathResources(Ljava/lang/String;)[Lorg/springframework/core/io/Resource;+19
j  org.springframework.core.io.support.PathMatchingResourcePatternResolver.getResources(Ljava/lang/String;)[Lorg/springframework/core/io/Resource;+52
j  org.springframework.core.io.support.PathMatchingResourcePatternResolver.findPathMatchingResources(Ljava/lang/String;)[Lorg/springframework/core/io/Resource;+17
j  org.springframework.core.io.support.PathMatchingResourcePatternResolver.getResources(Ljava/lang/String;)[Lorg/springframework/core/io/Resource;+38
j  org.springframework.boot.devtools.restart.ClassLoaderFilesResourcePatternResolver.getResources(Ljava/lang/String;)[Lorg/springframework/core/io/Resource;+13
j  org.springframework.context.support.GenericApplicationContext.getResources(Ljava/lang/String;)[Lorg/springframework/core/io/Resource;+18
j  org.springframework.context.annotation.ClassPathScanningCandidateComponentProvider.scanCandidateComponents(Ljava/lang/String;)Ljava/util/Set;+49
j  org.springframework.context.annotation.ClassPathScanningCandidateComponentProvider.findCandidateComponents(Ljava/lang/String;)Ljava/util/Set;+26
j  org.springframework.context.annotation.ClassPathBeanDefinitionScanner.doScan([Ljava/lang/String;)Ljava/util/Set;+39
j  org.springframework.context.annotation.ComponentScanAnnotationParser.parse(Lorg/springframework/core/annotation/AnnotationAttributes;Ljava/lang/String;)Ljava/util/Set;+508
j  org.springframework.context.annotation.ConfigurationClassParser.doProcessConfigurationClass(Lorg/springframework/context/annotation/ConfigurationClass;Lorg/springframework/context/annotation/ConfigurationClassParser$SourceClass;Ljava/util/function/Predicate;)Lorg/springframework/context/annotation/ConfigurationClassParser$SourceClass;+213
j  org.springframework.context.annotation.ConfigurationClassParser.processConfigurationClass(Lorg/springframework/context/annotation/ConfigurationClass;Ljava/util/function/Predicate;)V+106
j  org.springframework.context.annotation.ConfigurationClassParser.parse(Lorg/springframework/core/type/AnnotationMetadata;Ljava/lang/String;)V+13
j  org.springframework.context.annotation.ConfigurationClassParser.parse(Ljava/util/Set;)V+55
j  org.springframework.context.annotation.ConfigurationClassPostProcessor.processConfigBeanDefinitions(Lorg/springframework/beans/factory/support/BeanDefinitionRegistry;)V+308
j  org.springframework.context.annotation.ConfigurationClassPostProcessor.postProcessBeanDefinitionRegistry(Lorg/springframework/beans/factory/support/BeanDefinitionRegistry;)V+107
j  org.springframework.context.support.PostProcessorRegistrationDelegate.invokeBeanDefinitionRegistryPostProcessors(Ljava/util/Collection;Lorg/springframework/beans/factory/support/BeanDefinitionRegistry;Lorg/springframework/core/metrics/ApplicationStartup;)V+59
j  org.springframework.context.support.PostProcessorRegistrationDelegate.invokeBeanFactoryPostProcessors(Lorg/springframework/beans/factory/config/ConfigurableListableBeanFactory;Ljava/util/List;)V+235
j  org.springframework.context.support.AbstractApplicationContext.invokeBeanFactoryPostProcessors(Lorg/springframework/beans/factory/config/ConfigurableListableBeanFactory;)V+5
j  org.springframework.context.support.AbstractApplicationContext.refresh()V+53
j  org.springframework.boot.web.servlet.context.ServletWebServerApplicationContext.refresh()V+1
j  org.springframework.boot.SpringApplication.refresh(Lorg/springframework/context/ConfigurableApplicationContext;)V+1
j  org.springframework.boot.SpringApplication.refreshContext(Lorg/springframework/context/ConfigurableApplicationContext;)V+16
j  org.springframework.boot.SpringApplication.run([Ljava/lang/String;)Lorg/springframework/context/ConfigurableApplicationContext;+107
j  org.springframework.boot.SpringApplication.run([Ljava/lang/Class;[Ljava/lang/String;)Lorg/springframework/context/ConfigurableApplicationContext;+9
j  org.springframework.boot.SpringApplication.run(Ljava/lang/Class;[Ljava/lang/String;)Lorg/springframework/context/ConfigurableApplicationContext;+9
j  com.cxylk.BootServerApplication.main([Ljava/lang/String;)V+3
v  ~StubRoutines::call_stub
V  [libjvm.dylib+0x2d63ff]
V  [libjvm.dylib+0x4d784c]
V  [libjvm.dylib+0x4d83e4]
V  [libjvm.dylib+0x346f22]
J 2016  sun.reflect.NativeMethodAccessorImpl.invoke0(Ljava/lang/reflect/Method;Ljava/lang/Object;[Ljava/lang/Object;)Ljava/lang/Object; (0 bytes) @ 0x000000010c12042d [0x000000010c120340+0xed]
J 2015 C1 sun.reflect.NativeMethodAccessorImpl.invoke(Ljava/lang/Object;[Ljava/lang/Object;)Ljava/lang/Object; (104 bytes) @ 0x000000010c120b4c [0x000000010c120760+0x3ec]
J 1980 C1 sun.reflect.DelegatingMethodAccessorImpl.invoke(Ljava/lang/Object;[Ljava/lang/Object;)Ljava/lang/Object; (10 bytes) @ 0x000000010c1164a4 [0x000000010c116440+0x64]
J 1979 C1 java.lang.reflect.Method.invoke(Ljava/lang/Object;[Ljava/lang/Object;)Ljava/lang/Object; (62 bytes) @ 0x000000010c11605c [0x000000010c115f20+0x13c]
j  org.springframework.boot.devtools.restart.RestartLauncher.run()V+42
v  ~StubRoutines::call_stub
V  [libjvm.dylib+0x2d63ff]
V  [libjvm.dylib+0x2d5262]
V  [libjvm.dylib+0x2d5443]
V  [libjvm.dylib+0x3427d7]
V  [libjvm.dylib+0x5602ee]
V  [libjvm.dylib+0x5601b3]
V  [libjvm.dylib+0x48d487]
C  [libsystem_pthread.dylib+0x6514]  _pthread_start+0x7d
C  [libsystem_pthread.dylib+0x202f]  thread_start+0xf
C  0x0000000000000000

Java frames: (J=compiled Java code, j=interpreted, Vv=VM code)
J 384  java.util.zip.ZipFile.getEntry(J[BZ)J (0 bytes) @ 0x000000010be73818 [0x000000010be737c0+0x58]
J 361 C1 java.util.zip.ZipFile.getEntry(Ljava/lang/String;)Ljava/util/zip/ZipEntry; (101 bytes) @ 0x000000010be6b774 [0x000000010be6b620+0x154]
J 360 C1 java.util.jar.JarFile.getEntry(Ljava/lang/String;)Ljava/util/zip/ZipEntry; (22 bytes) @ 0x000000010be6b18c [0x000000010be6b140+0x4c]
J 370 C1 sun.misc.URLClassPath$JarLoader.getResource(Ljava/lang/String;Z)Lsun/misc/Resource; (85 bytes) @ 0x000000010be724e4 [0x000000010be72420+0xc4]
J 379 C1 sun.misc.URLClassPath$JarLoader.findResource(Ljava/lang/String;Z)Ljava/net/URL; (18 bytes) @ 0x000000010be76bd4 [0x000000010be76b80+0x54]
J 2577 C1 sun.misc.URLClassPath$1.next()Z (63 bytes) @ 0x000000010c229ebc [0x000000010c229e40+0x7c]
J 3719 C1 sun.misc.URLClassPath$1.hasMoreElements()Z (5 bytes) @ 0x000000010c48b43c [0x000000010c48b400+0x3c]
J 3141 C1 java.net.URLClassLoader$3$1.run()Ljava/lang/Object; (5 bytes) @ 0x000000010c361214 [0x000000010c3611c0+0x54]
v  ~StubRoutines::call_stub
J 1969  java.security.AccessController.doPrivileged(Ljava/security/PrivilegedAction;Ljava/security/AccessControlContext;)Ljava/lang/Object; (0 bytes) @ 0x000000010c10fee3 [0x000000010c10fe80+0x63]
J 2598 C1 java.net.URLClassLoader$3.next()Z (73 bytes) @ 0x000000010c23216c [0x000000010c232020+0x14c]
J 3149 C1 java.net.URLClassLoader$3.hasMoreElements()Z (5 bytes) @ 0x000000010c365ebc [0x000000010c365e80+0x3c]
J 3148 C1 sun.misc.CompoundEnumeration.next()Z (58 bytes) @ 0x000000010c365004 [0x000000010c364f80+0x84]
J 3140 C1 sun.misc.CompoundEnumeration.hasMoreElements()Z (5 bytes) @ 0x000000010c360efc [0x000000010c360ec0+0x3c]
j  org.springframework.core.io.support.PathMatchingResourcePatternResolver.doFindAllClassPathResources(Ljava/lang/String;)Ljava/util/Set;+35
j  org.springframework.core.io.support.PathMatchingResourcePatternResolver.findAllClassPathResources(Ljava/lang/String;)[Lorg/springframework/core/io/Resource;+19
j  org.springframework.core.io.support.PathMatchingResourcePatternResolver.getResources(Ljava/lang/String;)[Lorg/springframework/core/io/Resource;+52
j  org.springframework.core.io.support.PathMatchingResourcePatternResolver.findPathMatchingResources(Ljava/lang/String;)[Lorg/springframework/core/io/Resource;+17
j  org.springframework.core.io.support.PathMatchingResourcePatternResolver.getResources(Ljava/lang/String;)[Lorg/springframework/core/io/Resource;+38
j  org.springframework.boot.devtools.restart.ClassLoaderFilesResourcePatternResolver.getResources(Ljava/lang/String;)[Lorg/springframework/core/io/Resource;+13
j  org.springframework.context.support.GenericApplicationContext.getResources(Ljava/lang/String;)[Lorg/springframework/core/io/Resource;+18
j  org.springframework.context.annotation.ClassPathScanningCandidateComponentProvider.scanCandidateComponents(Ljava/lang/String;)Ljava/util/Set;+49
j  org.springframework.context.annotation.ClassPathScanningCandidateComponentProvider.findCandidateComponents(Ljava/lang/String;)Ljava/util/Set;+26
j  org.springframework.context.annotation.ClassPathBeanDefinitionScanner.doScan([Ljava/lang/String;)Ljava/util/Set;+39
j  org.springframework.context.annotation.ComponentScanAnnotationParser.parse(Lorg/springframework/core/annotation/AnnotationAttributes;Ljava/lang/String;)Ljava/util/Set;+508
j  org.springframework.context.annotation.ConfigurationClassParser.doProcessConfigurationClass(Lorg/springframework/context/annotation/ConfigurationClass;Lorg/springframework/context/annotation/ConfigurationClassParser$SourceClass;Ljava/util/function/Predicate;)Lorg/springframework/context/annotation/ConfigurationClassParser$SourceClass;+213
j  org.springframework.context.annotation.ConfigurationClassParser.processConfigurationClass(Lorg/springframework/context/annotation/ConfigurationClass;Ljava/util/function/Predicate;)V+106
j  org.springframework.context.annotation.ConfigurationClassParser.parse(Lorg/springframework/core/type/AnnotationMetadata;Ljava/lang/String;)V+13
j  org.springframework.context.annotation.ConfigurationClassParser.parse(Ljava/util/Set;)V+55
j  org.springframework.context.annotation.ConfigurationClassPostProcessor.processConfigBeanDefinitions(Lorg/springframework/beans/factory/support/BeanDefinitionRegistry;)V+308
j  org.springframework.context.annotation.ConfigurationClassPostProcessor.postProcessBeanDefinitionRegistry(Lorg/springframework/beans/factory/support/BeanDefinitionRegistry;)V+107
j  org.springframework.context.support.PostProcessorRegistrationDelegate.invokeBeanDefinitionRegistryPostProcessors(Ljava/util/Collection;Lorg/springframework/beans/factory/support/BeanDefinitionRegistry;Lorg/springframework/core/metrics/ApplicationStartup;)V+59
j  org.springframework.context.support.PostProcessorRegistrationDelegate.invokeBeanFactoryPostProcessors(Lorg/springframework/beans/factory/config/ConfigurableListableBeanFactory;Ljava/util/List;)V+235
j  org.springframework.context.support.AbstractApplicationContext.invokeBeanFactoryPostProcessors(Lorg/springframework/beans/factory/config/ConfigurableListableBeanFactory;)V+5
j  org.springframework.context.support.AbstractApplicationContext.refresh()V+53
j  org.springframework.boot.web.servlet.context.ServletWebServerApplicationContext.refresh()V+1
j  org.springframework.boot.SpringApplication.refresh(Lorg/springframework/context/ConfigurableApplicationContext;)V+1
j  org.springframework.boot.SpringApplication.refreshContext(Lorg/springframework/context/ConfigurableApplicationContext;)V+16
j  org.springframework.boot.SpringApplication.run([Ljava/lang/String;)Lorg/springframework/context/ConfigurableApplicationContext;+107
j  org.springframework.boot.SpringApplication.run([Ljava/lang/Class;[Ljava/lang/String;)Lorg/springframework/context/ConfigurableApplicationContext;+9
j  org.springframework.boot.SpringApplication.run(Ljava/lang/Class;[Ljava/lang/String;)Lorg/springframework/context/ConfigurableApplicationContext;+9
j  com.cxylk.BootServerApplication.main([Ljava/lang/String;)V+3
v  ~StubRoutines::call_stub
J 2016  sun.reflect.NativeMethodAccessorImpl.invoke0(Ljava/lang/reflect/Method;Ljava/lang/Object;[Ljava/lang/Object;)Ljava/lang/Object; (0 bytes) @ 0x000000010c1203b7 [0x000000010c120340+0x77]
J 2015 C1 sun.reflect.NativeMethodAccessorImpl.invoke(Ljava/lang/Object;[Ljava/lang/Object;)Ljava/lang/Object; (104 bytes) @ 0x000000010c120b4c [0x000000010c120760+0x3ec]
J 1980 C1 sun.reflect.DelegatingMethodAccessorImpl.invoke(Ljava/lang/Object;[Ljava/lang/Object;)Ljava/lang/Object; (10 bytes) @ 0x000000010c1164a4 [0x000000010c116440+0x64]
J 1979 C1 java.lang.reflect.Method.invoke(Ljava/lang/Object;[Ljava/lang/Object;)Ljava/lang/Object; (62 bytes) @ 0x000000010c11605c [0x000000010c115f20+0x13c]
j  org.springframework.boot.devtools.restart.RestartLauncher.run()V+42
v  ~StubRoutines::call_stub

---------------  P R O C E S S  ---------------

Java Threads: ( => current thread )
=>0x00007feb898ea800 JavaThread "restartedMain" [_thread_in_native, id=28959, stack(0x0000000307486000,0x0000000307586000)]
  0x00007feb79086800 JavaThread "Thread-14" [_thread_blocked, id=36419, stack(0x0000000307383000,0x0000000307483000)]
  0x00007feb7905c800 JavaThread "DestroyJavaVM" [_thread_blocked, id=9219, stack(0x0000000305a2b000,0x0000000305b2b000)]
  0x00007feb79066800 JavaThread "ZookeeperDynamicConfiguration-thread-1" daemon [_thread_blocked, id=48131, stack(0x00000003091dd000,0x00000003092dd000)]
  0x00007feb89063800 JavaThread "Curator-TreeCache-1" daemon [_thread_blocked, id=47879, stack(0x00000003090da000,0x00000003091da000)]
  0x00007feb8ac03000 JavaThread "DubboMetadataReportTimer-thread-1" daemon [_thread_blocked, id=83151, stack(0x0000000308fd7000,0x00000003090d7000)]
  0x00007feb7905c000 JavaThread "ZookeeperDynamicConfiguration-thread-1" daemon [_thread_blocked, id=46851, stack(0x0000000308ed4000,0x0000000308fd4000)]
  0x00007feb79087800 JavaThread "Curator-TreeCache-0" daemon [_thread_blocked, id=84007, stack(0x0000000308dd1000,0x0000000308ed1000)]
  0x00007feb79077800 JavaThread "Curator-Framework-0" daemon [_thread_blocked, id=46447, stack(0x0000000308cce000,0x0000000308dce000)]
  0x00007feb8a88e000 JavaThread "restartedMain-EventThread" daemon [_thread_blocked, id=45571, stack(0x0000000308bcb000,0x0000000308ccb000)]
  0x00007feb898ea000 JavaThread "restartedMain-SendThread(localhost:2181)" daemon [_thread_in_native, id=45347, stack(0x0000000308ac8000,0x0000000308bc8000)]
  0x00007feb8909f800 JavaThread "Curator-ConnectionStateManager-0" daemon [_thread_blocked, id=85879, stack(0x00000003087bf000,0x00000003088bf000)]
  0x00007feb8905f000 JavaThread "Live Reload Server" daemon [_thread_in_native, id=29959, stack(0x0000000307c9e000,0x0000000307d9e000)]
  0x00007feb792a7800 JavaThread "mysql-cj-abandoned-connection-cleanup" daemon [_thread_blocked, id=34139, stack(0x0000000307a98000,0x0000000307b98000)]
  0x00007feb791ef800 JavaThread "RMI Scheduler(0)" daemon [_thread_blocked, id=26991, stack(0x000000030768c000,0x000000030778c000)]
  0x00007feb89c2c800 JavaThread "Attach Listener" daemon [_thread_blocked, id=38403, stack(0x0000000307280000,0x0000000307380000)]
  0x00007feb8a92c800 JavaThread "RMI TCP Accept-0" daemon [_thread_in_native, id=40531, stack(0x000000030707a000,0x000000030717a000)]
  0x00007feb7914c800 JavaThread "Service Thread" daemon [_thread_blocked, id=24067, stack(0x0000000306f77000,0x0000000307077000)]
  0x00007feb89224800 JavaThread "C1 CompilerThread3" daemon [_thread_blocked, id=41219, stack(0x0000000306e74000,0x0000000306f74000)]
  0x00007feb7914b800 JavaThread "C2 CompilerThread2" daemon [_thread_blocked, id=41475, stack(0x0000000306d71000,0x0000000306e71000)]
  0x00007feb7912d800 JavaThread "C2 CompilerThread1" daemon [_thread_blocked, id=23043, stack(0x0000000306c6e000,0x0000000306d6e000)]
  0x00007feb89a51000 JavaThread "C2 CompilerThread0" daemon [_thread_blocked, id=42107, stack(0x0000000306b6b000,0x0000000306c6b000)]
  0x00007feb79017000 JavaThread "JDWP Command Reader" daemon [_thread_in_native, id=42755, stack(0x0000000306a68000,0x0000000306b68000)]
  0x00007feb89022800 JavaThread "JDWP Event Helper Thread" daemon [_thread_blocked, id=43267, stack(0x0000000306965000,0x0000000306a65000)]
  0x00007feb8985a800 JavaThread "JDWP Transport Listener: dt_socket" daemon [_thread_blocked, id=15375, stack(0x0000000306862000,0x0000000306962000)]
  0x00007feb79016800 JavaThread "Signal Dispatcher" daemon [_thread_blocked, id=15107, stack(0x000000030675f000,0x000000030685f000)]
  0x00007feb8a80a000 JavaThread "Finalizer" daemon [_thread_blocked, id=17691, stack(0x000000030654c000,0x000000030664c000)]
  0x00007feb79808800 JavaThread "Reference Handler" daemon [_thread_blocked, id=12835, stack(0x0000000306449000,0x0000000306549000)]

Other Threads:
  0x00007feb89856000 VMThread [stack: 0x0000000306346000,0x0000000306446000] [id=18435]
  0x00007feb791ae000 WatcherThread [stack: 0x000000030717d000,0x000000030727d000] [id=25039]

VM state:not at safepoint (normal execution)

VM Mutex/Monitor currently owned by a thread: None

heap address: 0x00000006c0000000, size: 4096 MB, Compressed Oops mode: Zero based, Oop shift amount: 3
Narrow klass base: 0x0000000000000000, Narrow klass shift: 3
Compressed class space size: 1073741824 Address: 0x00000007c0000000

Heap:
 PSYoungGen      total 428544K, used 19148K [0x000000076ab00000, 0x0000000786880000, 0x00000007c0000000)
  eden space 413696K, 4% used [0x000000076ab00000,0x000000076bdb3098,0x0000000783f00000)
  from space 14848K, 0% used [0x0000000783f00000,0x0000000783f00000,0x0000000784d80000)
  to   space 14848K, 0% used [0x0000000785a00000,0x0000000785a00000,0x0000000786880000)
 ParOldGen       total 125952K, used 18666K [0x00000006c0000000, 0x00000006c7b00000, 0x000000076ab00000)
  object space 125952K, 14% used [0x00000006c0000000,0x00000006c123a860,0x00000006c7b00000)
 Metaspace       used 39239K, capacity 42186K, committed 42408K, reserved 1085440K
  class space    used 5214K, capacity 5753K, committed 5800K, reserved 1048576K

Card table byte_map: [0x000000011acda000,0x000000011b4db000] byte_map_base: 0x00000001176da000

Marking Bits: (ParMarkBitMap*) 0x000000010a61a2e8
 Begin Bits: [0x000000011b4db000, 0x000000011f4db000)
 End Bits:   [0x000000011f4db000, 0x00000001234db000)

Polling page: 0x0000000109133000

CodeCache: size=245760Kb used=8439Kb max_used=8639Kb free=237320Kb
 bounds [0x000000010bcda000, 0x000000010c55a000, 0x000000011acda000]
 total_blobs=4667 nmethods=4211 adapters=378
 compilation: enabled

Compilation events (10 events):
Event: 1138.749 Thread 0x00007feb89224800 4292  s    1       java.io.BufferedOutputStream::flush (12 bytes)
Event: 1138.749 Thread 0x00007feb89224800 nmethod 4292 0x000000010bf071d0 code [0x000000010bf07340, 0x000000010bf07638]
Event: 1138.755 Thread 0x00007feb89224800 4294       1       org.springframework.boot.ansi.AnsiOutput::toString (32 bytes)
Event: 1138.756 Thread 0x00007feb89224800 nmethod 4294 0x000000010bf06bd0 code [0x000000010bf06d60, 0x000000010bf07038]
Event: 1138.757 Thread 0x00007feb89224800 4291       1       sun.nio.cs.StreamEncoder::isOpen (5 bytes)
Event: 1138.758 Thread 0x00007feb89224800 nmethod 4291 0x000000010c0cb650 code [0x000000010c0cb7a0, 0x000000010c0cb8b0]
Event: 1138.765 Thread 0x00007feb89224800 4288       1       java.util.Calendar::getDisplayName (154 bytes)
Event: 1138.766 Thread 0x00007feb89224800 nmethod 4288 0x000000010c3c0550 code [0x000000010c3c0740, 0x000000010c3c0c48]
Event: 1138.776 Thread 0x00007feb89224800 4295       1       org.springframework.boot.logging.DeferredLog$Line::getLevel (5 bytes)
Event: 1138.776 Thread 0x00007feb89224800 nmethod 4295 0x000000010bf06910 code [0x000000010bf06a60, 0x000000010bf06b70]

GC Heap History (10 events):
Event: 4.438 GC heap before
{Heap before GC invocations=6 (full 1):
 PSYoungGen      total 244736K, used 226059K [0x000000076ab00000, 0x000000077bf80000, 0x00000007c0000000)
  eden space 234496K, 92% used [0x000000076ab00000,0x0000000777e044f0,0x0000000779000000)
  from space 10240K, 97% used [0x000000077b580000,0x000000077bf3e9f8,0x000000077bf80000)
  to   space 10752K, 0% used [0x000000077aa80000,0x000000077aa80000,0x000000077b500000)
 ParOldGen       total 86016K, used 7751K [0x00000006c0000000, 0x00000006c5400000, 0x000000076ab00000)
  object space 86016K, 9% used [0x00000006c0000000,0x00000006c0791e50,0x00000006c5400000)
 Metaspace       used 33264K, capacity 35460K, committed 35496K, reserved 1079296K
  class space    used 4335K, capacity 4773K, committed 4776K, reserved 1048576K
Event: 4.461 GC heap after
Heap after GC invocations=6 (full 1):
 PSYoungGen      total 272384K, used 10746K [0x000000076ab00000, 0x0000000785c80000, 0x00000007c0000000)
  eden space 261632K, 0% used [0x000000076ab00000,0x000000076ab00000,0x000000077aa80000)
  from space 10752K, 99% used [0x000000077aa80000,0x000000077b4fe988,0x000000077b500000)
  to   space 15360K, 0% used [0x0000000784d80000,0x0000000784d80000,0x0000000785c80000)
 ParOldGen       total 86016K, used 12719K [0x00000006c0000000, 0x00000006c5400000, 0x000000076ab00000)
  object space 86016K, 14% used [0x00000006c0000000,0x00000006c0c6bc88,0x00000006c5400000)
 Metaspace       used 33264K, capacity 35460K, committed 35496K, reserved 1079296K
  class space    used 4335K, capacity 4773K, committed 4776K, reserved 1048576K
}
Event: 4.461 GC heap before
{Heap before GC invocations=7 (full 2):
 PSYoungGen      total 272384K, used 10746K [0x000000076ab00000, 0x0000000785c80000, 0x00000007c0000000)
  eden space 261632K, 0% used [0x000000076ab00000,0x000000076ab00000,0x000000077aa80000)
  from space 10752K, 99% used [0x000000077aa80000,0x000000077b4fe988,0x000000077b500000)
  to   space 15360K, 0% used [0x0000000784d80000,0x0000000784d80000,0x0000000785c80000)
 ParOldGen       total 86016K, used 12719K [0x00000006c0000000, 0x00000006c5400000, 0x000000076ab00000)
  object space 86016K, 14% used [0x00000006c0000000,0x00000006c0c6bc88,0x00000006c5400000)
 Metaspace       used 33264K, capacity 35460K, committed 35496K, reserved 1079296K
  class space    used 4335K, capacity 4773K, committed 4776K, reserved 1048576K
Event: 4.505 GC heap after
Heap after GC invocations=7 (full 2):
 PSYoungGen      total 272384K, used 0K [0x000000076ab00000, 0x0000000785c80000, 0x00000007c0000000)
  eden space 261632K, 0% used [0x000000076ab00000,0x000000076ab00000,0x000000077aa80000)
  from space 10752K, 0% used [0x000000077aa80000,0x000000077aa80000,0x000000077b500000)
  to   space 15360K, 0% used [0x0000000784d80000,0x0000000784d80000,0x0000000785c80000)
 ParOldGen       total 125952K, used 20390K [0x00000006c0000000, 0x00000006c7b00000, 0x000000076ab00000)
  object space 125952K, 16% used [0x00000006c0000000,0x00000006c13e9838,0x00000006c7b00000)
 Metaspace       used 33264K, capacity 35460K, committed 35496K, reserved 1079296K
  class space    used 4335K, capacity 4773K, committed 4776K, reserved 1048576K
}
Event: 418.858 GC heap before
{Heap before GC invocations=8 (full 2):
 PSYoungGen      total 272384K, used 261632K [0x000000076ab00000, 0x0000000785c80000, 0x00000007c0000000)
  eden space 261632K, 100% used [0x000000076ab00000,0x000000077aa80000,0x000000077aa80000)
  from space 10752K, 0% used [0x000000077aa80000,0x000000077aa80000,0x000000077b500000)
  to   space 15360K, 0% used [0x0000000784d80000,0x0000000784d80000,0x0000000785c80000)
 ParOldGen       total 125952K, used 20390K [0x00000006c0000000, 0x00000006c7b00000, 0x000000076ab00000)
  object space 125952K, 16% used [0x00000006c0000000,0x00000006c13e9838,0x00000006c7b00000)
 Metaspace       used 38996K, capacity 41874K, committed 42152K, reserved 1085440K
  class space    used 5177K, capacity 5724K, committed 5800K, reserved 1048576K
Event: 418.907 GC heap after
Heap after GC invocations=8 (full 2):
 PSYoungGen      total 429056K, used 10381K [0x000000076ab00000, 0x0000000786880000, 0x00000007c0000000)
  eden space 413696K, 0% used [0x000000076ab00000,0x000000076ab00000,0x0000000783f00000)
  from space 15360K, 67% used [0x0000000784d80000,0x00000007857a36f0,0x0000000785c80000)
  to   space 14848K, 0% used [0x0000000783f00000,0x0000000783f00000,0x0000000784d80000)
 ParOldGen       total 125952K, used 20390K [0x00000006c0000000, 0x00000006c7b00000, 0x000000076ab00000)
  object space 125952K, 16% used [0x00000006c0000000,0x00000006c13e9838,0x00000006c7b00000)
 Metaspace       used 38996K, capacity 41874K, committed 42152K, reserved 1085440K
  class space    used 5177K, capacity 5724K, committed 5800K, reserved 1048576K
}
Event: 1138.429 GC heap before
{Heap before GC invocations=9 (full 2):
 PSYoungGen      total 429056K, used 76290K [0x000000076ab00000, 0x0000000786880000, 0x00000007c0000000)
  eden space 413696K, 15% used [0x000000076ab00000,0x000000076eb5d330,0x0000000783f00000)
  from space 15360K, 67% used [0x0000000784d80000,0x00000007857a36f0,0x0000000785c80000)
  to   space 14848K, 0% used [0x0000000783f00000,0x0000000783f00000,0x0000000784d80000)
 ParOldGen       total 125952K, used 20390K [0x00000006c0000000, 0x00000006c7b00000, 0x000000076ab00000)
  object space 125952K, 16% used [0x00000006c0000000,0x00000006c13e9838,0x00000006c7b00000)
 Metaspace       used 39234K, capacity 42174K, committed 42408K, reserved 1085440K
  class space    used 5212K, capacity 5751K, committed 5800K, reserved 1048576K
Event: 1138.446 GC heap after
Heap after GC invocations=9 (full 2):
 PSYoungGen      total 428544K, used 5941K [0x000000076ab00000, 0x0000000786880000, 0x00000007c0000000)
  eden space 413696K, 0% used [0x000000076ab00000,0x000000076ab00000,0x0000000783f00000)
  from space 14848K, 40% used [0x0000000783f00000,0x00000007844cd630,0x0000000784d80000)
  to   space 14848K, 0% used [0x0000000785a00000,0x0000000785a00000,0x0000000786880000)
 ParOldGen       total 125952K, used 20398K [0x00000006c0000000, 0x00000006c7b00000, 0x000000076ab00000)
  object space 125952K, 16% used [0x00000006c0000000,0x00000006c13eb838,0x00000006c7b00000)
 Metaspace       used 39234K, capacity 42174K, committed 42408K, reserved 1085440K
  class space    used 5212K, capacity 5751K, committed 5800K, reserved 1048576K
}
Event: 1138.446 GC heap before
{Heap before GC invocations=10 (full 3):
 PSYoungGen      total 428544K, used 5941K [0x000000076ab00000, 0x0000000786880000, 0x00000007c0000000)
  eden space 413696K, 0% used [0x000000076ab00000,0x000000076ab00000,0x0000000783f00000)
  from space 14848K, 40% used [0x0000000783f00000,0x00000007844cd630,0x0000000784d80000)
  to   space 14848K, 0% used [0x0000000785a00000,0x0000000785a00000,0x0000000786880000)
 ParOldGen       total 125952K, used 20398K [0x00000006c0000000, 0x00000006c7b00000, 0x000000076ab00000)
  object space 125952K, 16% used [0x00000006c0000000,0x00000006c13eb838,0x00000006c7b00000)
 Metaspace       used 39234K, capacity 42174K, committed 42408K, reserved 1085440K
  class space    used 5212K, capacity 5751K, committed 5800K, reserved 1048576K
Event: 1138.631 GC heap after
Heap after GC invocations=10 (full 3):
 PSYoungGen      total 428544K, used 0K [0x000000076ab00000, 0x0000000786880000, 0x00000007c0000000)
  eden space 413696K, 0% used [0x000000076ab00000,0x000000076ab00000,0x0000000783f00000)
  from space 14848K, 0% used [0x0000000783f00000,0x0000000783f00000,0x0000000784d80000)
  to   space 14848K, 0% used [0x0000000785a00000,0x0000000785a00000,0x0000000786880000)
 ParOldGen       total 125952K, used 18666K [0x00000006c0000000, 0x00000006c7b00000, 0x000000076ab00000)
  object space 125952K, 14% used [0x00000006c0000000,0x00000006c123a860,0x00000006c7b00000)
 Metaspace       used 39234K, capacity 42174K, committed 42408K, reserved 1085440K
  class space    used 5212K, capacity 5751K, committed 5800K, reserved 1048576K
}

Deoptimization events (0 events):
No events

Classes redefined (0 events):
No events

Internal exceptions (10 events):
Event: 6.286 Thread 0x00007feb89c4f000 Exception <a 'java/lang/ClassNotFoundException': org/apache/dubbo/config/MonitorConfigBeanInfo> (0x0000000777d1c470) thrown at [/System/Volumes/Data/jenkins/workspace/8-2-build-macosx-x86_64/jdk8u311/1894/hotspot/src/share/vm/classfile/systemDictionary.cp
Event: 6.286 Thread 0x00007feb89c4f000 Exception <a 'java/lang/ClassNotFoundException': org/apache/dubbo/config/MonitorConfigCustomizer> (0x0000000777d51ca8) thrown at [/System/Volumes/Data/jenkins/workspace/8-2-build-macosx-x86_64/jdk8u311/1894/hotspot/src/share/vm/classfile/systemDictionary.
Event: 6.295 Thread 0x00007feb89c4f000 Exception <a 'java/lang/ClassNotFoundException': org/apache/dubbo/config/MetricsConfigBeanInfo> (0x0000000777db6c70) thrown at [/System/Volumes/Data/jenkins/workspace/8-2-build-macosx-x86_64/jdk8u311/1894/hotspot/src/share/vm/classfile/systemDictionary.cp
Event: 6.296 Thread 0x00007feb89c4f000 Exception <a 'java/lang/ClassNotFoundException': org/apache/dubbo/config/MetricsConfigCustomizer> (0x0000000777dec4a8) thrown at [/System/Volumes/Data/jenkins/workspace/8-2-build-macosx-x86_64/jdk8u311/1894/hotspot/src/share/vm/classfile/systemDictionary.
Event: 6.303 Thread 0x00007feb89c4f000 Exception <a 'java/lang/ClassNotFoundException': org/apache/dubbo/config/ModuleConfigBeanInfo> (0x0000000777e384f0) thrown at [/System/Volumes/Data/jenkins/workspace/8-2-build-macosx-x86_64/jdk8u311/1894/hotspot/src/share/vm/classfile/systemDictionary.cpp
Event: 6.303 Thread 0x00007feb89c4f000 Exception <a 'java/lang/ClassNotFoundException': org/apache/dubbo/config/ModuleConfigCustomizer> (0x0000000777e6d3a8) thrown at [/System/Volumes/Data/jenkins/workspace/8-2-build-macosx-x86_64/jdk8u311/1894/hotspot/src/share/vm/classfile/systemDictionary.c
Event: 6.306 Thread 0x00007feb89c4f000 Exception <a 'java/lang/ClassNotFoundException': org/apache/dubbo/config/SslConfigBeanInfo> (0x0000000777ec8d38) thrown at [/System/Volumes/Data/jenkins/workspace/8-2-build-macosx-x86_64/jdk8u311/1894/hotspot/src/share/vm/classfile/systemDictionary.cpp, l
Event: 6.307 Thread 0x00007feb89c4f000 Exception <a 'java/lang/ClassNotFoundException': org/apache/dubbo/config/SslConfigCustomizer> (0x0000000777efd1e0) thrown at [/System/Volumes/Data/jenkins/workspace/8-2-build-macosx-x86_64/jdk8u311/1894/hotspot/src/share/vm/classfile/systemDictionary.cpp,
Event: 1138.401 Thread 0x00007feb79374800 Exception <a 'java/lang/InterruptedException': sleep interrupted> (0x000000076e8893f8) thrown at [/System/Volumes/Data/jenkins/workspace/8-2-build-macosx-x86_64/jdk8u311/1894/hotspot/src/share/vm/prims/jvm.cpp, line 3369]
Event: 1138.670 Thread 0x00007feb898ea800 Exception <a 'java/io/FileNotFoundException'> (0x000000076b6568c0) thrown at [/System/Volumes/Data/jenkins/workspace/8-2-build-macosx-x86_64/jdk8u311/1894/hotspot/src/share/vm/prims/jni.cpp, line 710]

Events (10 events):
Event: 1138.778 Thread 0x00007feb898ea800 DEOPT PACKING pc=0x000000010bed588c sp=0x0000000307583de0
Event: 1138.778 Thread 0x00007feb898ea800 DEOPT UNPACKING pc=0x000000010bd21404 sp=0x0000000307583c20 mode 1
Event: 1138.778 Thread 0x00007feb898ea800 DEOPT PACKING pc=0x000000010bedd2d1 sp=0x0000000307583e20
Event: 1138.778 Thread 0x00007feb898ea800 DEOPT UNPACKING pc=0x000000010bd21404 sp=0x0000000307583ba0 mode 1
Event: 1138.778 Thread 0x00007feb898ea800 DEOPT PACKING pc=0x000000010bed8584 sp=0x0000000307583f70
Event: 1138.778 Thread 0x00007feb898ea800 DEOPT UNPACKING pc=0x000000010bd21404 sp=0x0000000307583d08 mode 1
Event: 1138.778 Thread 0x00007feb898ea800 DEOPT PACKING pc=0x000000010bee63dc sp=0x0000000307584020
Event: 1138.778 Thread 0x00007feb898ea800 DEOPT UNPACKING pc=0x000000010bd21404 sp=0x0000000307583d80 mode 1
Event: 1138.778 Thread 0x00007feb898ea800 DEOPT PACKING pc=0x000000010bf51ce4 sp=0x0000000307584770
Event: 1138.778 Thread 0x00007feb898ea800 DEOPT UNPACKING pc=0x000000010bd21404 sp=0x0000000307584508 mode 1


Dynamic libraries:
0x00007ff8181c4000 	/System/Library/Frameworks/Cocoa.framework/Versions/A/Cocoa
0x00007ff803a65000 	/System/Library/Frameworks/AppKit.framework/Versions/C/AppKit
0x00007ff806fb5000 	/System/Library/Frameworks/CoreData.framework/Versions/A/CoreData
0x00007ff801e80000 	/System/Library/Frameworks/Foundation.framework/Versions/C/Foundation
0x00007ff80c2a8000 	/usr/lib/libSystem.B.dylib
0x00007ff8048f2000 	/System/Library/PrivateFrameworks/UIFoundation.framework/Versions/A/UIFoundation
0x00007ff81219c000 	/System/Library/PrivateFrameworks/RemoteViewServices.framework/Versions/A/RemoteViewServices
0x00007ff80a49b000 	/System/Library/PrivateFrameworks/XCTTargetBootstrap.framework/Versions/A/XCTTargetBootstrap
0x00007ff80e173000 	/System/Library/PrivateFrameworks/InternationalSupport.framework/Versions/A/InternationalSupport
0x00007ff80e1fd000 	/System/Library/PrivateFrameworks/UserActivity.framework/Versions/A/UserActivity
0x00007ff80d55a000 	/usr/lib/libspindump.dylib
0x00007ff804b80000 	/System/Library/Frameworks/UniformTypeIdentifiers.framework/Versions/A/UniformTypeIdentifiers
0x00007ff808bda000 	/usr/lib/libapp_launch_measurement.dylib
0x00007ff80798f000 	/System/Library/PrivateFrameworks/CoreAnalytics.framework/Versions/A/CoreAnalytics
0x00007ff808bdd000 	/System/Library/PrivateFrameworks/CoreAutoLayout.framework/Versions/A/CoreAutoLayout
0x00007ff809dfc000 	/System/Library/Frameworks/Metal.framework/Versions/A/Metal
0x00007ff80ab13000 	/usr/lib/liblangid.dylib
0x00007ff80a49f000 	/System/Library/PrivateFrameworks/CoreSVG.framework/Versions/A/CoreSVG
0x00007ff805f42000 	/System/Library/PrivateFrameworks/SkyLight.framework/Versions/A/SkyLight
0x00007ff8062d3000 	/System/Library/Frameworks/CoreGraphics.framework/Versions/A/CoreGraphics
0x00007ff812807000 	/System/Library/Frameworks/Accelerate.framework/Versions/A/Accelerate
0x00007ff80cfd5000 	/System/Library/PrivateFrameworks/IconServices.framework/Versions/A/IconServices
0x00007ff809de1000 	/System/Library/Frameworks/IOSurface.framework/Versions/A/IOSurface
0x00007ff8079bd000 	/usr/lib/libDiagnosticMessagesClient.dylib
0x00007ff80c1c2000 	/usr/lib/libz.1.dylib
0x00007ff815e66000 	/System/Library/Frameworks/ApplicationServices.framework/Versions/A/ApplicationServices
0x00007ff80a487000 	/System/Library/PrivateFrameworks/DFRFoundation.framework/Versions/A/DFRFoundation
0x00007ff803356000 	/usr/lib/libicucore.A.dylib
0x00007ff80ee95000 	/System/Library/Frameworks/AudioToolbox.framework/Versions/A/AudioToolbox
0x00007ff80e17f000 	/System/Library/PrivateFrameworks/DataDetectorsCore.framework/Versions/A/DataDetectorsCore
0x00007ff909914000 	/System/Library/PrivateFrameworks/TextInput.framework/Versions/A/TextInput
0x00007ff805ec5000 	/usr/lib/libMobileGestalt.dylib
0x00007ff80a18f000 	/System/Library/Frameworks/Carbon.framework/Versions/A/Frameworks/HIToolbox.framework/Versions/A/HIToolbox
0x00007ff808608000 	/System/Library/Frameworks/QuartzCore.framework/Versions/A/QuartzCore
0x00007ff802ff7000 	/System/Library/Frameworks/Security.framework/Versions/A/Security
0x00007ff8121d4000 	/System/Library/Frameworks/Carbon.framework/Versions/A/Frameworks/SpeechRecognition.framework/Versions/A/SpeechRecognition
0x00007ff80893a000 	/System/Library/PrivateFrameworks/CoreUI.framework/Versions/A/CoreUI
0x00007ff8028d1000 	/System/Library/Frameworks/CoreAudio.framework/Versions/A/CoreAudio
0x00007ff807aab000 	/System/Library/Frameworks/DiskArbitration.framework/Versions/A/DiskArbitration
0x00007ff80d93d000 	/System/Library/PrivateFrameworks/MultitouchSupport.framework/Versions/A/MultitouchSupport
0x00007ff805ec4000 	/usr/lib/libenergytrace.dylib
0x00007ff803951000 	/System/Library/Frameworks/IOKit.framework/Versions/A/IOKit
0x00007ff8125be000 	/System/Library/Frameworks/CoreServices.framework/Versions/A/CoreServices
0x00007ff808b74000 	/System/Library/PrivateFrameworks/PerformanceAnalysis.framework/Versions/A/PerformanceAnalysis
0x00007ffa19383000 	/System/Library/Frameworks/OpenGL.framework/Versions/A/OpenGL
0x00007ff80b7fa000 	/System/Library/PrivateFrameworks/MobileKeyBag.framework/Versions/A/MobileKeyBag
0x00007ff800f18000 	/usr/lib/libobjc.A.dylib
0x00007ff806a02000 	/System/Library/Frameworks/ColorSync.framework/Versions/A/ColorSync
0x00007ff8010d4000 	/System/Library/Frameworks/CoreFoundation.framework/Versions/A/CoreFoundation
0x00007ff80a71a000 	/System/Library/Frameworks/CoreImage.framework/Versions/A/CoreImage
0x00007ff8026e7000 	/System/Library/Frameworks/CoreText.framework/Versions/A/CoreText
0x00007ff80a4ce000 	/System/Library/Frameworks/ImageIO.framework/Versions/A/ImageIO
0x00007ff80c2ae000 	/System/Library/PrivateFrameworks/SoftLinking.framework/Versions/A/SoftLinking
0x00007ff808c25000 	/usr/lib/libxml2.2.dylib
0x00007ff800fe1000 	/usr/lib/libc++.1.dylib
0x00007ff80c52e000 	/usr/lib/libcompression.dylib
0x00007ff80e0a9000 	/System/Library/PrivateFrameworks/TextureIO.framework/Versions/A/TextureIO
0x00007ff80cc4e000 	/usr/lib/libate.dylib
0x00007ff80c2a3000 	/usr/lib/system/libcache.dylib
0x00007ff80c25f000 	/usr/lib/system/libcommonCrypto.dylib
0x00007ff80c288000 	/usr/lib/system/libcompiler_rt.dylib
0x00007ff80c27e000 	/usr/lib/system/libcopyfile.dylib
0x00007ff800e12000 	/usr/lib/system/libcorecrypto.dylib
0x00007ff800ed1000 	/usr/lib/system/libdispatch.dylib
0x00007ff801093000 	/usr/lib/system/libdyld.dylib
0x00007ff80c29a000 	/usr/lib/system/libkeymgr.dylib
0x00007ff80c23d000 	/usr/lib/system/libmacho.dylib
0x00007ff80b8ce000 	/usr/lib/system/libquarantine.dylib
0x00007ff80c298000 	/usr/lib/system/libremovefile.dylib
0x00007ff805f11000 	/usr/lib/system/libsystem_asl.dylib
0x00007ff800dc0000 	/usr/lib/system/libsystem_blocks.dylib
0x00007ff800f58000 	/usr/lib/system/libsystem_c.dylib
0x00007ff80c290000 	/usr/lib/system/libsystem_collections.dylib
0x00007ff80ab04000 	/usr/lib/system/libsystem_configuration.dylib
0x00007ff809dc4000 	/usr/lib/system/libsystem_containermanager.dylib
0x00007ff80bf76000 	/usr/lib/system/libsystem_coreservices.dylib
0x00007ff8035df000 	/usr/lib/system/libsystem_darwin.dylib
0x00007ff80c29b000 	/usr/lib/system/libsystem_dnssd.dylib
0x00007ff800f55000 	/usr/lib/system/libsystem_featureflags.dylib
0x00007ff8010a9000 	/usr/lib/system/libsystem_info.dylib
0x00007ff80c1d5000 	/usr/lib/system/libsystem_m.dylib
0x00007ff800ea5000 	/usr/lib/system/libsystem_malloc.dylib
0x00007ff805eae000 	/usr/lib/system/libsystem_networkextension.dylib
0x00007ff803a07000 	/usr/lib/system/libsystem_notify.dylib
0x00007ff812495000 	/usr/lib/system/libsystem_product_info_filter.dylib
0x00007ff80ab08000 	/usr/lib/system/libsystem_sandbox.dylib
0x00007ff80c295000 	/usr/lib/system/libsystem_secinit.dylib
0x00007ff801050000 	/usr/lib/system/libsystem_kernel.dylib
0x00007ff80109f000 	/usr/lib/system/libsystem_platform.dylib
0x00007ff801087000 	/usr/lib/system/libsystem_pthread.dylib
0x00007ff8077d5000 	/usr/lib/system/libsystem_symptoms.dylib
0x00007ff800df9000 	/usr/lib/system/libsystem_trace.dylib
0x00007ff80c26b000 	/usr/lib/system/libunwind.dylib
0x00007ff800dc2000 	/usr/lib/system/libxpc.dylib
0x00007ff80103a000 	/usr/lib/libc++abi.dylib
0x00007ff80c276000 	/usr/lib/liboah.dylib
0x00007ff80ca07000 	/usr/lib/liblzma.5.dylib
0x00007ff801b91000 	/System/Library/Frameworks/SystemConfiguration.framework/Versions/A/SystemConfiguration
0x00007ff80c2aa000 	/usr/lib/libfakelink.dylib
0x00007ff805a18000 	/System/Library/Frameworks/CFNetwork.framework/Versions/A/CFNetwork
0x00007ff80c3e9000 	/usr/lib/libarchive.2.dylib
0x00007ff80ab0f000 	/System/Library/PrivateFrameworks/AppleSystemInfo.framework/Versions/A/AppleSystemInfo
0x00007ff80b8f4000 	/usr/lib/libbsm.0.dylib
0x00007ff80504f000 	/usr/lib/libnetwork.dylib
0x00007ff80c243000 	/usr/lib/system/libkxld.dylib
0x00007ff80b523000 	/System/Library/PrivateFrameworks/IOMobileFramebuffer.framework/Versions/A/IOMobileFramebuffer
0x00007ffb16d25000 	/usr/lib/libCoreEntitlements.dylib
0x00007ff80bf58000 	/System/Library/PrivateFrameworks/AppleFSCompression.framework/Versions/A/AppleFSCompression
0x00007ff80b8dd000 	/usr/lib/libcoretls.dylib
0x00007ff80ca21000 	/usr/lib/libcoretls_cfhelpers.dylib
0x00007ff80c529000 	/usr/lib/libpam.2.dylib
0x00007ff8073fb000 	/usr/lib/libsqlite3.dylib
0x00007ff80ca90000 	/usr/lib/libxar.1.dylib
0x00007ff80bf68000 	/usr/lib/libbz2.1.0.dylib
0x00007ff80c2af000 	/usr/lib/libpcap.A.dylib
0x00007ff8077cc000 	/usr/lib/libdns_services.dylib
0x00007ff80c4fb000 	/usr/lib/libapple_nghttp2.dylib
0x00007ff80c2e6000 	/usr/lib/libiconv.2.dylib
0x00007ff80c23c000 	/usr/lib/libcharset.1.dylib
0x00007ff808ba8000 	/System/Library/Frameworks/CoreServices.framework/Versions/A/Frameworks/FSEvents.framework/Versions/A/FSEvents
0x00007ff8035e9000 	/System/Library/Frameworks/CoreServices.framework/Versions/A/Frameworks/CarbonCore.framework/Versions/A/CarbonCore
0x00007ff807a10000 	/System/Library/Frameworks/CoreServices.framework/Versions/A/Frameworks/Metadata.framework/Versions/A/Metadata
0x00007ff80bf7b000 	/System/Library/Frameworks/CoreServices.framework/Versions/A/Frameworks/OSServices.framework/Versions/A/OSServices
0x00007ff80c46f000 	/System/Library/Frameworks/CoreServices.framework/Versions/A/Frameworks/SearchKit.framework/Versions/A/SearchKit
0x00007ff80775e000 	/System/Library/Frameworks/CoreServices.framework/Versions/A/Frameworks/AE.framework/Versions/A/AE
0x00007ff8015d5000 	/System/Library/Frameworks/CoreServices.framework/Versions/A/Frameworks/LaunchServices.framework/Versions/A/LaunchServices
0x00007ff80c9b8000 	/System/Library/Frameworks/CoreServices.framework/Versions/A/Frameworks/DictionaryServices.framework/Versions/A/DictionaryServices
0x00007ff808bb5000 	/System/Library/Frameworks/CoreServices.framework/Versions/A/Frameworks/SharedFileList.framework/Versions/A/SharedFileList
0x00007ff80b8d1000 	/usr/lib/libCheckFix.dylib
0x00007ff805f28000 	/System/Library/PrivateFrameworks/TCC.framework/Versions/A/TCC
0x00007ff80ab15000 	/System/Library/PrivateFrameworks/CoreNLP.framework/Versions/A/CoreNLP
0x00007ff8079c0000 	/System/Library/PrivateFrameworks/MetadataUtilities.framework/Versions/A/MetadataUtilities
0x00007ff801c41000 	/usr/lib/libmecabra.dylib
0x00007ff80b904000 	/usr/lib/libmecab.dylib
0x00007ff801c0c000 	/usr/lib/libCRFSuite.dylib
0x00007ff80b961000 	/usr/lib/libgermantok.dylib
0x00007ff80c4d6000 	/usr/lib/libThaiTokenizer.dylib
0x00007ff807ab2000 	/System/Library/Frameworks/Accelerate.framework/Versions/A/Frameworks/vImage.framework/Versions/A/vImage
0x00007ff812595000 	/System/Library/Frameworks/Accelerate.framework/Versions/A/Frameworks/vecLib.framework/Versions/A/vecLib
0x00007ff80cad1000 	/System/Library/Frameworks/Accelerate.framework/Versions/A/Frameworks/vecLib.framework/Versions/A/libvMisc.dylib
0x00007ff80b317000 	/System/Library/Frameworks/Accelerate.framework/Versions/A/Frameworks/vecLib.framework/Versions/A/libvDSP.dylib
0x00007ff80194d000 	/System/Library/Frameworks/Accelerate.framework/Versions/A/Frameworks/vecLib.framework/Versions/A/libBLAS.dylib
0x00007ff80c60b000 	/System/Library/Frameworks/Accelerate.framework/Versions/A/Frameworks/vecLib.framework/Versions/A/libLAPACK.dylib
0x00007ff80b964000 	/System/Library/Frameworks/Accelerate.framework/Versions/A/Frameworks/vecLib.framework/Versions/A/libLinearAlgebra.dylib
0x00007ff80c514000 	/System/Library/Frameworks/Accelerate.framework/Versions/A/Frameworks/vecLib.framework/Versions/A/libSparseBLAS.dylib
0x00007ff80c605000 	/System/Library/Frameworks/Accelerate.framework/Versions/A/Frameworks/vecLib.framework/Versions/A/libQuadrature.dylib
0x00007ff80abff000 	/System/Library/Frameworks/Accelerate.framework/Versions/A/Frameworks/vecLib.framework/Versions/A/libBNNS.dylib
0x00007ff801b22000 	/System/Library/Frameworks/Accelerate.framework/Versions/A/Frameworks/vecLib.framework/Versions/A/libSparse.dylib
0x00007ff80abf8000 	/System/Library/PrivateFrameworks/LinguisticData.framework/Versions/A/LinguisticData
0x00007ff801ad7000 	/System/Library/PrivateFrameworks/Lexicon.framework/Versions/A/Lexicon
0x00007ff80caca000 	/usr/lib/libChineseTokenizer.dylib
0x00007ff80223b000 	/System/Library/PrivateFrameworks/LanguageModeling.framework/Versions/A/LanguageModeling
0x00007ff80c4d8000 	/System/Library/PrivateFrameworks/AppleSauce.framework/Versions/A/AppleSauce
0x00007ff80b511000 	/System/Library/PrivateFrameworks/CoreEmoji.framework/Versions/A/CoreEmoji
0x00007ff80c3d8000 	/usr/lib/libcmph.dylib
0x00007ff808b8c000 	/System/Library/Frameworks/OpenDirectory.framework/Versions/A/Frameworks/CFOpenDirectory.framework/Versions/A/CFOpenDirectory
0x00007ff808b80000 	/System/Library/Frameworks/OpenDirectory.framework/Versions/A/OpenDirectory
0x00007ff80ca23000 	/System/Library/PrivateFrameworks/APFS.framework/Versions/A/APFS
0x00007ff80b832000 	/System/Library/Frameworks/SecurityFoundation.framework/Versions/A/SecurityFoundation
0x00007ff80ca9e000 	/usr/lib/libutil.dylib
0x00007ff803914000 	/System/Library/PrivateFrameworks/CoreServicesStore.framework/Versions/A/CoreServicesStore
0x00007ff80caa2000 	/usr/lib/libxslt.1.dylib
0x00007ff80b8bf000 	/System/Library/PrivateFrameworks/BackgroundTaskManagement.framework/Versions/A/BackgroundTaskManagement
0x00007ff80dfcb000 	/System/Library/Frameworks/ImageIO.framework/Versions/A/Resources/libRadiance.dylib
0x00007ff80dfd4000 	/System/Library/Frameworks/ImageIO.framework/Versions/A/Resources/libJPEG.dylib
0x00007ff80df25000 	/System/Library/Frameworks/ImageIO.framework/Versions/A/Resources/libPng.dylib
0x00007ff80df46000 	/System/Library/Frameworks/ImageIO.framework/Versions/A/Resources/libTIFF.dylib
0x00007ff80e032000 	/System/Library/Frameworks/ImageIO.framework/Versions/A/Resources/libGIF.dylib
0x00007ff80d85a000 	/System/Library/Frameworks/ImageIO.framework/Versions/A/Resources/libJP2.dylib
0x00007ff80cf9c000 	/usr/lib/libexpat.1.dylib
0x00007ff80d80f000 	/System/Library/PrivateFrameworks/AppleJPEG.framework/Versions/A/AppleJPEG
0x00007ff80a056000 	/System/Library/PrivateFrameworks/FontServices.framework/libFontParser.dylib
0x00007ff807708000 	/System/Library/PrivateFrameworks/RunningBoardServices.framework/Versions/A/RunningBoardServices
0x00007ff818735000 	/System/Library/PrivateFrameworks/IOSurfaceAccelerator.framework/Versions/A/IOSurfaceAccelerator
0x00007ff80d939000 	/System/Library/PrivateFrameworks/WatchdogClient.framework/Versions/A/WatchdogClient
0x00007ff80232a000 	/System/Library/Frameworks/CoreDisplay.framework/Versions/A/CoreDisplay
0x00007ff809f56000 	/System/Library/Frameworks/CoreMedia.framework/Versions/A/CoreMedia
0x00007ff809df3000 	/System/Library/PrivateFrameworks/IOAccelerator.framework/Versions/A/IOAccelerator
0x00007ff808d08000 	/System/Library/Frameworks/CoreVideo.framework/Versions/A/CoreVideo
0x00007ff80c527000 	/System/Library/Frameworks/MetalPerformanceShaders.framework/Versions/A/MetalPerformanceShaders
0x00007ff80d974000 	/System/Library/Frameworks/VideoToolbox.framework/Versions/A/VideoToolbox
0x00007ff807650000 	/System/Library/PrivateFrameworks/BaseBoard.framework/Versions/A/BaseBoard
0x00007ff8073e1000 	/System/Library/PrivateFrameworks/ProtocolBuffer.framework/Versions/A/ProtocolBuffer
0x00007ff80dfc4000 	/System/Library/PrivateFrameworks/GPUWrangler.framework/Versions/A/GPUWrangler
0x00007ff80dfa7000 	/System/Library/PrivateFrameworks/IOPresentment.framework/Versions/A/IOPresentment
0x00007ff80dfce000 	/System/Library/PrivateFrameworks/DSExternalDisplay.framework/Versions/A/DSExternalDisplay
0x00007ffa19377000 	/System/Library/Frameworks/OpenGL.framework/Versions/A/Libraries/libCoreFSCache.dylib
0x00007ffb05324000 	/System/Library/PrivateFrameworks/GPUCompiler.framework/Versions/31001/Libraries/libGPUCompilerUtils.dylib
0x00007ff80e037000 	/System/Library/PrivateFrameworks/CMCaptureCore.framework/Versions/A/CMCaptureCore
0x00007ff80d548000 	/System/Library/PrivateFrameworks/AppServerSupport.framework/Versions/A/AppServerSupport
0x00007ff80f712000 	/System/Library/PrivateFrameworks/perfdata.framework/Versions/A/perfdata
0x00007ff802456000 	/System/Library/PrivateFrameworks/AudioToolboxCore.framework/Versions/A/AudioToolboxCore
0x00007ff809f33000 	/System/Library/PrivateFrameworks/caulk.framework/Versions/A/caulk
0x00007ff80f03f000 	/usr/lib/libAudioStatistics.dylib
0x00007ff9061d3000 	/System/Library/PrivateFrameworks/SystemPolicy.framework/Versions/A/SystemPolicy
0x00007ff80f28b000 	/usr/lib/libSMC.dylib
0x00007ff818077000 	/System/Library/Frameworks/CoreMIDI.framework/Versions/A/CoreMIDI
0x00007ff80def5000 	/usr/lib/libAudioToolboxUtility.dylib
0x00007ff90265b000 	/System/Library/PrivateFrameworks/OSAServicesClient.framework/Versions/A/OSAServicesClient
0x00007ff80f71f000 	/usr/lib/libperfcheck.dylib
0x00007ff906c5f000 	/usr/lib/libmis.dylib
0x00007ffa193d3000 	/System/Library/Frameworks/OpenGL.framework/Versions/A/Libraries/libGLU.dylib
0x00007ffa19396000 	/System/Library/Frameworks/OpenGL.framework/Versions/A/Libraries/libGFXShared.dylib
0x00007ffa195a4000 	/System/Library/Frameworks/OpenGL.framework/Versions/A/Libraries/libGL.dylib
0x00007ffa1939f000 	/System/Library/Frameworks/OpenGL.framework/Versions/A/Libraries/libGLImage.dylib
0x00007ffa19393000 	/System/Library/Frameworks/OpenGL.framework/Versions/A/Libraries/libCVMSPluginSupport.dylib
0x00007ffa1937e000 	/System/Library/Frameworks/OpenGL.framework/Versions/A/Libraries/libCoreVMClient.dylib
0x00007ff80aa93000 	/System/Library/Frameworks/MetalPerformanceShaders.framework/Versions/A/Frameworks/MPSCore.framework/Versions/A/MPSCore
0x00007ff80bec3000 	/System/Library/Frameworks/MetalPerformanceShaders.framework/Versions/A/Frameworks/MPSImage.framework/Versions/A/MPSImage
0x00007ff80b97a000 	/System/Library/Frameworks/MetalPerformanceShaders.framework/Versions/A/Frameworks/MPSNeuralNetwork.framework/Versions/A/MPSNeuralNetwork
0x00007ff80bdef000 	/System/Library/Frameworks/MetalPerformanceShaders.framework/Versions/A/Frameworks/MPSMatrix.framework/Versions/A/MPSMatrix
0x00007ff80bbab000 	/System/Library/Frameworks/MetalPerformanceShaders.framework/Versions/A/Frameworks/MPSRayIntersector.framework/Versions/A/MPSRayIntersector
0x00007ff80be28000 	/System/Library/Frameworks/MetalPerformanceShaders.framework/Versions/A/Frameworks/MPSNDArray.framework/Versions/A/MPSNDArray
0x00007ffa1df7c000 	/System/Library/Frameworks/MetalPerformanceShaders.framework/Versions/A/Frameworks/MPSFunctions.framework/Versions/A/MPSFunctions
0x00007ff801830000 	/System/Library/PrivateFrameworks/MetalTools.framework/Versions/A/MetalTools
0x00007ff80ab0d000 	/System/Library/PrivateFrameworks/AggregateDictionary.framework/Versions/A/AggregateDictionary
0x00007ff80cd7e000 	/usr/lib/libIOReport.dylib
0x00007ffa1a9b3000 	/System/Library/Frameworks/OpenCL.framework/Versions/A/OpenCL
0x00007ff80d0e2000 	/System/Library/PrivateFrameworks/FaceCore.framework/Versions/A/FaceCore
0x00007ff80d0d3000 	/System/Library/PrivateFrameworks/GraphVisualizer.framework/Versions/A/GraphVisualizer
0x00007ffb0522f000 	/System/Library/PrivateFrameworks/FontServices.framework/Versions/A/FontServices
0x00007ff80d4ff000 	/System/Library/PrivateFrameworks/OTSVG.framework/Versions/A/OTSVG
0x00007ff8088f0000 	/System/Library/Frameworks/ApplicationServices.framework/Versions/A/Frameworks/ATS.framework/Versions/A/Resources/libFontRegistry.dylib
0x00007ff80d550000 	/System/Library/PrivateFrameworks/FontServices.framework/libhvf.dylib
0x00007ffb05230000 	/System/Library/PrivateFrameworks/FontServices.framework/libXTFontStaticRegistryData.dylib
0x00007ff80cf4c000 	/System/Library/PrivateFrameworks/AppleVA.framework/Versions/A/AppleVA
0x00007ff80f05f000 	/System/Library/Frameworks/ApplicationServices.framework/Versions/A/Frameworks/ATS.framework/Versions/A/ATS
0x00007ff806afe000 	/System/Library/Frameworks/ApplicationServices.framework/Versions/A/Frameworks/HIServices.framework/Versions/A/HIServices
0x00007ff80e041000 	/System/Library/Frameworks/ApplicationServices.framework/Versions/A/Frameworks/PrintCore.framework/Versions/A/PrintCore
0x00007ff80f3de000 	/System/Library/Frameworks/ApplicationServices.framework/Versions/A/Frameworks/QD.framework/Versions/A/QD
0x00007ff80f3d6000 	/System/Library/Frameworks/ApplicationServices.framework/Versions/A/Frameworks/ColorSyncLegacy.framework/Versions/A/ColorSyncLegacy
0x00007ff80f04f000 	/System/Library/Frameworks/ApplicationServices.framework/Versions/A/Frameworks/SpeechSynthesis.framework/Versions/A/SpeechSynthesis
0x00007ff80e002000 	/System/Library/Frameworks/ApplicationServices.framework/Versions/A/Frameworks/ATSUI.framework/Versions/A/ATSUI
0x00007ff80f36b000 	/usr/lib/libcups.2.dylib
0x00007ff80f72e000 	/System/Library/Frameworks/Kerberos.framework/Versions/A/Kerberos
0x00007ff80f73d000 	/System/Library/Frameworks/GSS.framework/Versions/A/GSS
0x00007ff80f0cb000 	/usr/lib/libresolv.9.dylib
0x00007ff80d55f000 	/System/Library/PrivateFrameworks/Heimdal.framework/Versions/A/Heimdal
0x00007ff8161e1000 	/System/Library/Frameworks/Kerberos.framework/Versions/A/Libraries/libHeimdalProxy.dylib
0x00007ff8077dd000 	/System/Library/Frameworks/Network.framework/Versions/A/Network
0x00007ff80cfb6000 	/usr/lib/libheimdal-asn1.dylib
0x00007ff80f788000 	/System/Library/PrivateFrameworks/CommonAuth.framework/Versions/A/CommonAuth
0x00007ff80efd0000 	/System/Library/PrivateFrameworks/AudioSession.framework/Versions/A/AudioSession
0x00007ff80d046000 	/System/Library/PrivateFrameworks/MediaExperience.framework/Versions/A/MediaExperience
0x00007ff80ee64000 	/System/Library/PrivateFrameworks/AudioSession.framework/libSessionUtility.dylib
0x00007ff80f3ea000 	/System/Library/PrivateFrameworks/AudioResourceArbitration.framework/Versions/A/AudioResourceArbitration
0x00007ff80cfbf000 	/System/Library/PrivateFrameworks/IconFoundation.framework/Versions/A/IconFoundation
0x00007ff8121c4000 	/System/Library/PrivateFrameworks/SpeechRecognitionCore.framework/Versions/A/SpeechRecognitionCore
0x00007ffa0a84a000 	/System/Library/CoreServices/Encodings/libSimplifiedChineseConverter.dylib
0x0000000109ef6000 	/Library/Java/JavaVirtualMachines/jdk1.8.0_311.jdk/Contents/Home/jre/lib/server/libjvm.dylib
0x0000000109144000 	/Library/Java/JavaVirtualMachines/jdk1.8.0_311.jdk/Contents/Home/jre/lib/libverify.dylib
0x000000010919b000 	/Library/Java/JavaVirtualMachines/jdk1.8.0_311.jdk/Contents/Home/jre/lib/libjava.dylib
0x000000010925b000 	/Library/Java/JavaVirtualMachines/jdk1.8.0_311.jdk/Contents/Home/jre/lib/libjdwp.dylib
0x0000000109168000 	/Library/Java/JavaVirtualMachines/jdk1.8.0_311.jdk/Contents/Home/jre/lib/libnpt.dylib
0x0000000109309000 	/Library/Java/JavaVirtualMachines/jdk1.8.0_311.jdk/Contents/Home/jre/lib/libinstrument.dylib
0x0000000109355000 	/Library/Java/JavaVirtualMachines/jdk1.8.0_311.jdk/Contents/Home/jre/lib/libzip.dylib
0x0000000109db5000 	/Library/Java/JavaVirtualMachines/jdk1.8.0_311.jdk/Contents/Home/jre/lib/libdt_socket.dylib
0x00000001266c5000 	/Library/Java/JavaVirtualMachines/jdk1.8.0_311.jdk/Contents/Home/jre/lib/libmanagement.dylib
0x0000000126702000 	/Library/Java/JavaVirtualMachines/jdk1.8.0_311.jdk/Contents/Home/jre/lib/libnet.dylib
0x0000000126740000 	/Library/Java/JavaVirtualMachines/jdk1.8.0_311.jdk/Contents/Home/jre/lib/libnio.dylib
0x00000001288ca000 	/Library/Java/JavaVirtualMachines/jdk1.8.0_311.jdk/Contents/Home/jre/lib/libsunec.dylib

VM Arguments:
jvm_args: -agentlib:jdwp=transport=dt_socket,address=127.0.0.1:58398,suspend=y,server=n -javaagent:/Users/likui/Workspace/github/treasure-map/agent2/target/agent2-1.0-SNAPSHOT.jar=service.include=com.cxylk.service.* -XX:TieredStopAtLevel=1 -Xverify:none -Dspring.output.ansi.enabled=always -Dcom.sun.management.jmxremote -Dspring.jmx.enabled=true -Dspring.liveBeansView.mbeanDomain -Dspring.application.admin.enabled=true -javaagent:/Users/likui/Library/Caches/JetBrains/IntelliJIdea2020.1/captureAgent/debugger-agent.jar=file:/private/var/folders/kw/l7_1_sh16bn8sp14lzv0kmsr0000gn/T/capture.props -Dfile.encoding=UTF-8 
java_command: com.cxylk.BootServerApplication
java_class_path (initial): /Library/Java/JavaVirtualMachines/jdk1.8.0_311.jdk/Contents/Home/jre/lib/charsets.jar:/Library/Java/JavaVirtualMachines/jdk1.8.0_311.jdk/Contents/Home/jre/lib/deploy.jar:/Library/Java/JavaVirtualMachines/jdk1.8.0_311.jdk/Contents/Home/jre/lib/ext/cldrdata.jar:/Library/Java/JavaVirtualMachines/jdk1.8.0_311.jdk/Contents/Home/jre/lib/ext/dnsns.jar:/Library/Java/JavaVirtualMachines/jdk1.8.0_311.jdk/Contents/Home/jre/lib/ext/jaccess.jar:/Library/Java/JavaVirtualMachines/jdk1.8.0_311.jdk/Contents/Home/jre/lib/ext/jfxrt.jar:/Library/Java/JavaVirtualMachines/jdk1.8.0_311.jdk/Contents/Home/jre/lib/ext/localedata.jar:/Library/Java/JavaVirtualMachines/jdk1.8.0_311.jdk/Contents/Home/jre/lib/ext/nashorn.jar:/Library/Java/JavaVirtualMachines/jdk1.8.0_311.jdk/Contents/Home/jre/lib/ext/sunec.jar:/Library/Java/JavaVirtualMachines/jdk1.8.0_311.jdk/Contents/Home/jre/lib/ext/sunjce_provider.jar:/Library/Java/JavaVirtualMachines/jdk1.8.0_311.jdk/Contents/Home/jre/lib/ext/sunpkcs11.jar:/Library/Java/JavaVirtualMachines/jdk1.8.0_311.jdk/Contents/Home/jre/lib/ext/zipfs.jar:/Library/Java/JavaVirtualMachines/jdk1.8.0_311.jdk/Contents/Home/jre/lib/javaws.jar:/Library/Java/JavaVirtualMachines/jdk1.8.0_311.jdk/Contents/Home/jre/lib/jce.jar:/Library/Java/JavaVirtualMachines/jdk1.8.0_311.jdk/Contents/Home/jre/lib/jfr.jar:/Library/Java/JavaVirtualMachines/jdk1.8.0_311.jdk/Contents/Home/jre/lib/jfxswt.jar:/Library/Java/JavaVirtualMachines/jdk1.8.0_311.jdk/Contents/Home/jre/lib/jsse.jar:/Library/Java/JavaVirtualMachines/jdk1.8.0_311.jdk/Contents/Home/jre/lib/management-agent.jar:/Library/Java/JavaVirtualMachines/jdk1.8.0_311.jdk/Contents/Home/jre/lib/plugin.jar:/Library/Java/JavaVirtualMachines/jdk1.8.0_311.jdk/Contents/Home/jre/lib/resources.jar:/Library/Java/JavaVirtualMachines/jdk1.8.0_311.jdk/Contents/Home/jre/lib/rt.jar:/Library/Java/JavaVirtualMachines/jdk1.8.0_311.jdk/Contents/Home/lib/ant-javafx.jar:/Library/Java/JavaVirtualMachines/jdk1.8.0_311.jdk/Contents/Home
Launcher Type: SUN_STANDARD

Environment Variables:
JAVA_HOME=/Library/Java/JavaVirtualMachines/jdk1.8.0_311.jdk/Contents/Home
PATH=/usr/local/opt/llvm/bin:/Library/Java/JavaVirtualMachines/jdk1.8.0_311.jdk/Contents/Home/bin:/opt/homebrew/bin:/opt/homebrew/sbin:/usr/local/bin:/usr/bin:/bin:/usr/sbin:/sbin::/Users/likui/Workspace/soft/apache-maven-3.6.3/bin
SHELL=/bin/zsh

Signal Handlers:
SIGSEGV: [libjvm.dylib+0x59bd8b], sa_mask[0]=11111111111111111111111111111111, sa_flags=SA_ONSTACK|SA_RESTART|SA_SIGINFO
SIGBUS: [libjvm.dylib+0x59bd8b], sa_mask[0]=11111111111111111111111111111111, sa_flags=SA_RESTART|SA_SIGINFO
SIGFPE: [libjvm.dylib+0x59bd8b], sa_mask[0]=11111111111111111111111111111111, sa_flags=SA_RESTART|SA_SIGINFO
SIGPIPE: [libjvm.dylib+0x48f813], sa_mask[0]=11111111111111111111111111111111, sa_flags=SA_RESTART|SA_SIGINFO
SIGXFSZ: [libjvm.dylib+0x48f813], sa_mask[0]=11111111111111111111111111111111, sa_flags=SA_RESTART|SA_SIGINFO
SIGILL: [libjvm.dylib+0x59bd8b], sa_mask[0]=11111111111111111111111111111111, sa_flags=SA_RESTART|SA_SIGINFO
SIGUSR1: SIG_DFL, sa_mask[0]=00000000000000000000000000000000, sa_flags=none
SIGUSR2: [libjvm.dylib+0x490102], sa_mask[0]=00100000000000000000000000000000, sa_flags=SA_RESTART|SA_SIGINFO
SIGHUP: [libjvm.dylib+0x48e35f], sa_mask[0]=11111111111111111111111111111111, sa_flags=SA_RESTART|SA_SIGINFO
SIGINT: [libjvm.dylib+0x48e35f], sa_mask[0]=11111111111111111111111111111111, sa_flags=SA_RESTART|SA_SIGINFO
SIGTERM: [libjvm.dylib+0x48e35f], sa_mask[0]=11111111111111111111111111111111, sa_flags=SA_RESTART|SA_SIGINFO
SIGQUIT: [libjvm.dylib+0x48e35f], sa_mask[0]=11111111111111111111111111111111, sa_flags=SA_RESTART|SA_SIGINFO


---------------  S Y S T E M  ---------------

OS:Bsduname:Darwin 21.1.0 Darwin Kernel Version 21.1.0: Wed Oct 13 17:33:24 PDT 2021; root:xnu-8019.41.5~1/RELEASE_ARM64_T8101 x86_64
rlimit: STACK 8176k, CORE 0k, NPROC 2666, NOFILE 10240, AS infinity
load average:3.86 3.54 3.59

CPU:total 8 (initial active 8) (1 cores per cpu, 1 threads per core) family 6 model 44 stepping 0, cmov, cx8, fxsr, mmx, sse, sse2, sse3, ssse3, sse4.1, sse4.2, popcnt, aes, clmul, tsc, tscinvbit, tscinv

Memory: 4k page, physical 16777216k(20064k free)

/proc/meminfo:


vm_info: Java HotSpot(TM) 64-Bit Server VM (25.311-b11) for bsd-amd64 JRE (1.8.0_311-b11), built on Sep 27 2021 13:08:09 by "java_re" with gcc 4.2.1 Compatible Apple LLVM 11.0.0 (clang-1100.0.33.17)

time: Tue Aug 23 20:34:40 2022
timezone: CST
elapsed time: 1138.807912 seconds (0d 0h 18m 58s)

